<?xml version="1.0" encoding="UTF-8"?>
<testsuite name="TestWeightAccess" tests="4" skipped="0" failures="0" errors="0" timestamp="2024-06-18T12:37:25" hostname="gimjaewBookPro2.fritz.box" time="0.013">
  <properties/>
  <testcase name="testEveryWeightUsed()" classname="TestWeightAccess" time="0.002"/>
  <testcase name="testExclusiveAccess()" classname="TestWeightAccess" time="0.001"/>
  <testcase name="testEveryWeightUsedCorrectAmountLenient()" classname="TestWeightAccess" time="0.005"/>
  <testcase name="testEveryWeightUsedCorrectAmountStrict()" classname="TestWeightAccess" time="0.004"/>
  <system-out><![CDATA[]]></system-out>
  <system-err><![CDATA[]]></system-err>
</testsuite>
