<?xml version="1.0" encoding="UTF-8"?>
<testsuite name="TestGymSetup" tests="5" skipped="0" failures="0" errors="0" timestamp="2024-06-18T12:37:20" hostname="gimjaewBookPro2.fritz.box" time="0.024">
  <properties/>
  <testcase name="testAthleteWeights()" classname="TestGymSetup" time="0.014"/>
  <testcase name="testAthleteCycles()" classname="TestGymSetup" time="0.001"/>
  <testcase name="testArrayMinSizes()" classname="TestGymSetup" time="0.002"/>
  <testcase name="testAthleteArray()" classname="TestGymSetup" time="0.002"/>
  <testcase name="testWeightArray()" classname="TestGymSetup" time="0.002"/>
  <system-out><![CDATA[]]></system-out>
  <system-err><![CDATA[]]></system-err>
</testsuite>
